<?xml version="1.0" encoding="UTF-8"?>
<!-- Generated by org.testng.reporters.JUnitReportReporter -->
<testsuite hostname="DESKTOP-9VRJEA8" failures="0" tests="1" name="FkTest.FkTestClass" time="17.206" errors="0" timestamp="2022-08-06T16:24:39 IST" skipped="0">
  <testcase classname="FkTest.FkTestClass" name="rating" time="17.206"/>
  <system-out/>
</testsuite> <!-- FkTest.FkTestClass -->
